[dotenv@17.3.1] injecting env (0) from .env -- tip: ⚙️  override existing env vars with { override: true }
Checking PO-68 or any POs...
(node:9992) Warning: Setting the NODE_TLS_REJECT_UNAUTHORIZED environment variable to '0' makes TLS connections and HTTPS requests insecure by disabling certificate verification.
(Use `node --trace-warnings ...` to show where the warning was created)
Recent POs:
┌─────────┬────┬───────────────────┬──────────────────────┬────────────┬─────────────────────┐
│ (index) │ id │ po_number         │ status               │ line_count │ received_line_count │
├─────────┼────┼───────────────────┼──────────────────────┼────────────┼─────────────────────┤
│ 0       │ 68 │ 'PO-20260319-001' │ 'partially_received' │ 4          │ 4                   │
│ 1       │ 67 │ 'PO-20260317-001' │ 'acknowledged'       │ 3          │ 0                   │
│ 2       │ 35 │ 'PO-20260307-002' │ 'received'           │ 3          │ 3                   │
│ 3       │ 34 │ 'PO-20260307-001' │ 'cancelled'          │ 1          │ 0                   │
│ 4       │ 9  │ 'PO-20260306-001' │ 'cancelled'          │ 3          │ 0                   │
└─────────┴────┴───────────────────┴──────────────────────┴────────────┴─────────────────────┘
Recent PO Lines:
┌─────────┬─────┬───────────────────┬─────────────┬───────────┬──────────────┬───────────────┬─────────────────┬───────────────┐
│ (index) │ id  │ purchase_order_id │ status      │ order_qty │ received_qty │ cancelled_qty │ unit_of_measure │ units_per_uom │
├─────────┼─────┼───────────────────┼─────────────┼───────────┼──────────────┼───────────────┼─────────────────┼───────────────┤
│ 0       │ 67  │ 34                │ 'cancelled' │ 2500      │ 0            │ 2500          │ 'pack'          │ 4             │
│ 1       │ 47  │ 9                 │ 'cancelled' │ 210       │ 0            │ 210           │ 'case'          │ 1000          │
│ 2       │ 48  │ 9                 │ 'cancelled' │ 630       │ 0            │ 630           │ 'case'          │ 1000          │
│ 3       │ 49  │ 9                 │ 'cancelled' │ 48        │ 0            │ 48            │ 'case'          │ 5             │
│ 4       │ 68  │ 35                │ 'received'  │ 630000    │ 630000       │ 0             │ 'case'          │ 1000          │
│ 5       │ 69  │ 35                │ 'received'  │ 210000    │ 210000       │ 0             │ 'case'          │ 1000          │
│ 6       │ 70  │ 35                │ 'received'  │ 240       │ 240          │ 0             │ 'case'          │ 5             │
│ 7       │ 100 │ 67                │ 'open'      │ 270000    │ 0            │ 0             │ 'case'          │ 750           │
│ 8       │ 101 │ 67                │ 'open'      │ 20500     │ 0            │ 0             │ 'case'          │ 500           │
│ 9       │ 102 │ 67                │ 'open'      │ 18000     │ 0            │ 0             │ 'case'          │ 300           │
│ 10      │ 104 │ 68                │ 'received'  │ 50000     │ 50000        │ 0             │ 'case'          │ 5000          │
│ 11      │ 105 │ 68                │ 'received'  │ 50000     │ 50000        │ 0             │ 'case'          │ 5000          │
│ 12      │ 106 │ 68                │ 'received'  │ 50000     │ 50000        │ 0             │ 'case'          │ 5000          │
│ 13      │ 103 │ 68                │ 'partial'   │ 200000    │ 100000       │ 0             │ 'case'          │ 10000         │
└─────────┴─────┴───────────────────┴─────────────┴───────────┴──────────────┴───────────────┴─────────────────┴───────────────┘
Partially Received POs:
┌─────────┬────┬───────────────────┬──────────────────────┬────────────┬─────────────────────┐
│ (index) │ id │ po_number         │ status               │ line_count │ received_line_count │
├─────────┼────┼───────────────────┼──────────────────────┼────────────┼─────────────────────┤
│ 0       │ 68 │ 'PO-20260319-001' │ 'partially_received' │ 4          │ 4                   │
└─────────┴────┴───────────────────┴──────────────────────┴────────────┴─────────────────────┘
Lines for stuck PO PO-20260319-001:
┌─────────┬─────┬───────┬────────────┬───────────┬──────────────┬───────────────┬─────────────────┬───────────────┐
│ (index) │ id  │ po_id │ status     │ order_qty │ received_qty │ cancelled_qty │ unit_of_measure │ units_per_uom │
├─────────┼─────┼───────┼────────────┼───────────┼──────────────┼───────────────┼─────────────────┼───────────────┤
│ 0       │ 104 │ 68    │ 'received' │ 50000     │ 50000        │ 0             │ 'case'          │ 5000          │
│ 1       │ 105 │ 68    │ 'received' │ 50000     │ 50000        │ 0             │ 'case'          │ 5000          │
│ 2       │ 106 │ 68    │ 'received' │ 50000     │ 50000        │ 0             │ 'case'          │ 5000          │
│ 3       │ 103 │ 68    │ 'partial'  │ 200000    │ 100000       │ 0             │ 'case'          │ 10000         │
└─────────┴─────┴───────┴────────────┴───────────┴──────────────┴───────────────┴─────────────────┴───────────────┘
Receipts for stuck PO PO-20260319-001:
┌─────────┬────────────────────┬──────────────┬──────────────┬────────────┐
│ (index) │ receipt_number     │ expected_qty │ received_qty │ status     │
├─────────┼────────────────────┼──────────────┼──────────────┼────────────┤
│ 0       │ 'RCV-20260319-001' │ 10           │ 10           │ 'complete' │
│ 1       │ 'RCV-20260319-001' │ 10           │ 10           │ 'complete' │
│ 2       │ 'RCV-20260319-001' │ 10           │ 10           │ 'complete' │
│ 3       │ 'RCV-20260319-001' │ 20           │ 10           │ 'complete' │
└─────────┴────────────────────┴──────────────┴──────────────┴────────────┘
